[INFO  - 2014-05-28T16:16:38.721Z] GhostDriver - Main - running on port 62646
[INFO  - 2014-05-28T16:16:38.776Z] Session [7285ea50-e683-11e3-941d-f78a114e5280] - page.settings - {"XSSAuditingEnabled":false,"javascriptCanCloseWindows":true,"javascriptCanOpenWindows":true,"javascriptEnabled":true,"loadImages":true,"localToRemoteUrlAccessEnabled":false,"userAgent":"Mozilla/5.0 (Macintosh; PPC Mac OS X) AppleWebKit/534.34 (KHTML, like Gecko) PhantomJS/1.9.7 Safari/534.34","webSecurityEnabled":true}
[INFO  - 2014-05-28T16:16:38.776Z] Session [7285ea50-e683-11e3-941d-f78a114e5280] - page.customHeaders:  - {}
[INFO  - 2014-05-28T16:16:38.776Z] Session [7285ea50-e683-11e3-941d-f78a114e5280] - Session.negotiatedCapabilities - {"browserName":"phantomjs","version":"1.9.7","driverName":"ghostdriver","driverVersion":"1.1.0","platform":"mac-10.8 (Mountain Lion)-64bit","javascriptEnabled":true,"takesScreenshot":true,"handlesAlerts":false,"databaseEnabled":false,"locationContextEnabled":false,"applicationCacheEnabled":false,"browserConnectionEnabled":false,"cssSelectorsEnabled":true,"webStorageEnabled":false,"rotatable":false,"acceptSslCerts":false,"nativeEvents":true,"proxy":{"proxyType":"direct"}}
[INFO  - 2014-05-28T16:16:38.776Z] SessionManagerReqHand - _postNewSessionCommand - New Session Created: 7285ea50-e683-11e3-941d-f78a114e5280
[INFO  - 2014-05-28T16:16:39.424Z] GhostDriver - Main - running on port 54837
[INFO  - 2014-05-28T16:16:39.475Z] Session [72f09300-e683-11e3-a8a9-f18c01909965] - page.settings - {"XSSAuditingEnabled":false,"javascriptCanCloseWindows":true,"javascriptCanOpenWindows":true,"javascriptEnabled":true,"loadImages":true,"localToRemoteUrlAccessEnabled":false,"userAgent":"Mozilla/5.0 (Macintosh; PPC Mac OS X) AppleWebKit/534.34 (KHTML, like Gecko) PhantomJS/1.9.7 Safari/534.34","webSecurityEnabled":true}
[INFO  - 2014-05-28T16:16:39.475Z] Session [72f09300-e683-11e3-a8a9-f18c01909965] - page.customHeaders:  - {}
[INFO  - 2014-05-28T16:16:39.475Z] Session [72f09300-e683-11e3-a8a9-f18c01909965] - Session.negotiatedCapabilities - {"browserName":"phantomjs","version":"1.9.7","driverName":"ghostdriver","driverVersion":"1.1.0","platform":"mac-10.8 (Mountain Lion)-64bit","javascriptEnabled":true,"takesScreenshot":true,"handlesAlerts":false,"databaseEnabled":false,"locationContextEnabled":false,"applicationCacheEnabled":false,"browserConnectionEnabled":false,"cssSelectorsEnabled":true,"webStorageEnabled":false,"rotatable":false,"acceptSslCerts":false,"nativeEvents":true,"proxy":{"proxyType":"direct"}}
[INFO  - 2014-05-28T16:16:39.475Z] SessionManagerReqHand - _postNewSessionCommand - New Session Created: 72f09300-e683-11e3-a8a9-f18c01909965
[INFO  - 2014-05-28T16:17:15.029Z] GhostDriver - Main - running on port 60218
[INFO  - 2014-05-28T16:17:15.053Z] Session [882558a0-e683-11e3-b6cf-0b40c72987a6] - page.settings - {"XSSAuditingEnabled":false,"javascriptCanCloseWindows":true,"javascriptCanOpenWindows":true,"javascriptEnabled":true,"loadImages":true,"localToRemoteUrlAccessEnabled":false,"userAgent":"Mozilla/5.0 (Macintosh; PPC Mac OS X) AppleWebKit/534.34 (KHTML, like Gecko) PhantomJS/1.9.7 Safari/534.34","webSecurityEnabled":true}
[INFO  - 2014-05-28T16:17:15.053Z] Session [882558a0-e683-11e3-b6cf-0b40c72987a6] - page.customHeaders:  - {}
[INFO  - 2014-05-28T16:17:15.053Z] Session [882558a0-e683-11e3-b6cf-0b40c72987a6] - Session.negotiatedCapabilities - {"browserName":"phantomjs","version":"1.9.7","driverName":"ghostdriver","driverVersion":"1.1.0","platform":"mac-10.8 (Mountain Lion)-64bit","javascriptEnabled":true,"takesScreenshot":true,"handlesAlerts":false,"databaseEnabled":false,"locationContextEnabled":false,"applicationCacheEnabled":false,"browserConnectionEnabled":false,"cssSelectorsEnabled":true,"webStorageEnabled":false,"rotatable":false,"acceptSslCerts":false,"nativeEvents":true,"proxy":{"proxyType":"direct"}}
[INFO  - 2014-05-28T16:17:15.054Z] SessionManagerReqHand - _postNewSessionCommand - New Session Created: 882558a0-e683-11e3-b6cf-0b40c72987a6
[INFO  - 2014-05-28T16:17:15.691Z] GhostDriver - Main - running on port 65181
[INFO  - 2014-05-28T16:17:15.746Z] Session [888f16f0-e683-11e3-9687-a93c1f3c3404] - page.settings - {"XSSAuditingEnabled":false,"javascriptCanCloseWindows":true,"javascriptCanOpenWindows":true,"javascriptEnabled":true,"loadImages":true,"localToRemoteUrlAccessEnabled":false,"userAgent":"Mozilla/5.0 (Macintosh; PPC Mac OS X) AppleWebKit/534.34 (KHTML, like Gecko) PhantomJS/1.9.7 Safari/534.34","webSecurityEnabled":true}
[INFO  - 2014-05-28T16:17:15.746Z] Session [888f16f0-e683-11e3-9687-a93c1f3c3404] - page.customHeaders:  - {}
[INFO  - 2014-05-28T16:17:15.746Z] Session [888f16f0-e683-11e3-9687-a93c1f3c3404] - Session.negotiatedCapabilities - {"browserName":"phantomjs","version":"1.9.7","driverName":"ghostdriver","driverVersion":"1.1.0","platform":"mac-10.8 (Mountain Lion)-64bit","javascriptEnabled":true,"takesScreenshot":true,"handlesAlerts":false,"databaseEnabled":false,"locationContextEnabled":false,"applicationCacheEnabled":false,"browserConnectionEnabled":false,"cssSelectorsEnabled":true,"webStorageEnabled":false,"rotatable":false,"acceptSslCerts":false,"nativeEvents":true,"proxy":{"proxyType":"direct"}}
[INFO  - 2014-05-28T16:17:15.746Z] SessionManagerReqHand - _postNewSessionCommand - New Session Created: 888f16f0-e683-11e3-9687-a93c1f3c3404
[INFO  - 2014-05-28T16:17:34.689Z] GhostDriver - Main - running on port 58678
[INFO  - 2014-05-28T16:17:34.707Z] Session [93dc4f00-e683-11e3-a3b8-adaed0a1ab81] - page.settings - {"XSSAuditingEnabled":false,"javascriptCanCloseWindows":true,"javascriptCanOpenWindows":true,"javascriptEnabled":true,"loadImages":true,"localToRemoteUrlAccessEnabled":false,"userAgent":"Mozilla/5.0 (Macintosh; PPC Mac OS X) AppleWebKit/534.34 (KHTML, like Gecko) PhantomJS/1.9.7 Safari/534.34","webSecurityEnabled":true}
[INFO  - 2014-05-28T16:17:34.707Z] Session [93dc4f00-e683-11e3-a3b8-adaed0a1ab81] - page.customHeaders:  - {}
[INFO  - 2014-05-28T16:17:34.707Z] Session [93dc4f00-e683-11e3-a3b8-adaed0a1ab81] - Session.negotiatedCapabilities - {"browserName":"phantomjs","version":"1.9.7","driverName":"ghostdriver","driverVersion":"1.1.0","platform":"mac-10.8 (Mountain Lion)-64bit","javascriptEnabled":true,"takesScreenshot":true,"handlesAlerts":false,"databaseEnabled":false,"locationContextEnabled":false,"applicationCacheEnabled":false,"browserConnectionEnabled":false,"cssSelectorsEnabled":true,"webStorageEnabled":false,"rotatable":false,"acceptSslCerts":false,"nativeEvents":true,"proxy":{"proxyType":"direct"}}
[INFO  - 2014-05-28T16:17:34.707Z] SessionManagerReqHand - _postNewSessionCommand - New Session Created: 93dc4f00-e683-11e3-a3b8-adaed0a1ab81
[INFO  - 2014-05-28T16:17:35.351Z] GhostDriver - Main - running on port 55256
[INFO  - 2014-05-28T16:17:35.407Z] Session [94471ec0-e683-11e3-9720-01611e109499] - page.settings - {"XSSAuditingEnabled":false,"javascriptCanCloseWindows":true,"javascriptCanOpenWindows":true,"javascriptEnabled":true,"loadImages":true,"localToRemoteUrlAccessEnabled":false,"userAgent":"Mozilla/5.0 (Macintosh; PPC Mac OS X) AppleWebKit/534.34 (KHTML, like Gecko) PhantomJS/1.9.7 Safari/534.34","webSecurityEnabled":true}
[INFO  - 2014-05-28T16:17:35.407Z] Session [94471ec0-e683-11e3-9720-01611e109499] - page.customHeaders:  - {}
[INFO  - 2014-05-28T16:17:35.407Z] Session [94471ec0-e683-11e3-9720-01611e109499] - Session.negotiatedCapabilities - {"browserName":"phantomjs","version":"1.9.7","driverName":"ghostdriver","driverVersion":"1.1.0","platform":"mac-10.8 (Mountain Lion)-64bit","javascriptEnabled":true,"takesScreenshot":true,"handlesAlerts":false,"databaseEnabled":false,"locationContextEnabled":false,"applicationCacheEnabled":false,"browserConnectionEnabled":false,"cssSelectorsEnabled":true,"webStorageEnabled":false,"rotatable":false,"acceptSslCerts":false,"nativeEvents":true,"proxy":{"proxyType":"direct"}}
[INFO  - 2014-05-28T16:17:35.407Z] SessionManagerReqHand - _postNewSessionCommand - New Session Created: 94471ec0-e683-11e3-9720-01611e109499
[INFO  - 2014-05-28T16:18:09.838Z] GhostDriver - Main - running on port 54753
[INFO  - 2014-05-28T16:18:09.897Z] Session [a8d5e060-e683-11e3-be8c-8d7e8ada42c0] - page.settings - {"XSSAuditingEnabled":false,"javascriptCanCloseWindows":true,"javascriptCanOpenWindows":true,"javascriptEnabled":true,"loadImages":true,"localToRemoteUrlAccessEnabled":false,"userAgent":"Mozilla/5.0 (Macintosh; PPC Mac OS X) AppleWebKit/534.34 (KHTML, like Gecko) PhantomJS/1.9.7 Safari/534.34","webSecurityEnabled":true}
[INFO  - 2014-05-28T16:18:09.897Z] Session [a8d5e060-e683-11e3-be8c-8d7e8ada42c0] - page.customHeaders:  - {}
[INFO  - 2014-05-28T16:18:09.897Z] Session [a8d5e060-e683-11e3-be8c-8d7e8ada42c0] - Session.negotiatedCapabilities - {"browserName":"phantomjs","version":"1.9.7","driverName":"ghostdriver","driverVersion":"1.1.0","platform":"mac-10.8 (Mountain Lion)-64bit","javascriptEnabled":true,"takesScreenshot":true,"handlesAlerts":false,"databaseEnabled":false,"locationContextEnabled":false,"applicationCacheEnabled":false,"browserConnectionEnabled":false,"cssSelectorsEnabled":true,"webStorageEnabled":false,"rotatable":false,"acceptSslCerts":false,"nativeEvents":true,"proxy":{"proxyType":"direct"}}
[INFO  - 2014-05-28T16:18:09.897Z] SessionManagerReqHand - _postNewSessionCommand - New Session Created: a8d5e060-e683-11e3-be8c-8d7e8ada42c0
[INFO  - 2014-05-28T16:18:10.538Z] GhostDriver - Main - running on port 61890
[INFO  - 2014-05-28T16:18:10.554Z] Session [a93a2070-e683-11e3-bc9f-e7c6522734d1] - page.settings - {"XSSAuditingEnabled":false,"javascriptCanCloseWindows":true,"javascriptCanOpenWindows":true,"javascriptEnabled":true,"loadImages":true,"localToRemoteUrlAccessEnabled":false,"userAgent":"Mozilla/5.0 (Macintosh; PPC Mac OS X) AppleWebKit/534.34 (KHTML, like Gecko) PhantomJS/1.9.7 Safari/534.34","webSecurityEnabled":true}
[INFO  - 2014-05-28T16:18:10.554Z] Session [a93a2070-e683-11e3-bc9f-e7c6522734d1] - page.customHeaders:  - {}
[INFO  - 2014-05-28T16:18:10.554Z] Session [a93a2070-e683-11e3-bc9f-e7c6522734d1] - Session.negotiatedCapabilities - {"browserName":"phantomjs","version":"1.9.7","driverName":"ghostdriver","driverVersion":"1.1.0","platform":"mac-10.8 (Mountain Lion)-64bit","javascriptEnabled":true,"takesScreenshot":true,"handlesAlerts":false,"databaseEnabled":false,"locationContextEnabled":false,"applicationCacheEnabled":false,"browserConnectionEnabled":false,"cssSelectorsEnabled":true,"webStorageEnabled":false,"rotatable":false,"acceptSslCerts":false,"nativeEvents":true,"proxy":{"proxyType":"direct"}}
[INFO  - 2014-05-28T16:18:10.554Z] SessionManagerReqHand - _postNewSessionCommand - New Session Created: a93a2070-e683-11e3-bc9f-e7c6522734d1
[INFO  - 2014-05-28T16:18:31.682Z] GhostDriver - Main - running on port 51622
[INFO  - 2014-05-28T16:18:31.699Z] Session [b5d49900-e683-11e3-9875-d3c5cde672e4] - page.settings - {"XSSAuditingEnabled":false,"javascriptCanCloseWindows":true,"javascriptCanOpenWindows":true,"javascriptEnabled":true,"loadImages":true,"localToRemoteUrlAccessEnabled":false,"userAgent":"Mozilla/5.0 (Macintosh; PPC Mac OS X) AppleWebKit/534.34 (KHTML, like Gecko) PhantomJS/1.9.7 Safari/534.34","webSecurityEnabled":true}
[INFO  - 2014-05-28T16:18:31.699Z] Session [b5d49900-e683-11e3-9875-d3c5cde672e4] - page.customHeaders:  - {}
[INFO  - 2014-05-28T16:18:31.699Z] Session [b5d49900-e683-11e3-9875-d3c5cde672e4] - Session.negotiatedCapabilities - {"browserName":"phantomjs","version":"1.9.7","driverName":"ghostdriver","driverVersion":"1.1.0","platform":"mac-10.8 (Mountain Lion)-64bit","javascriptEnabled":true,"takesScreenshot":true,"handlesAlerts":false,"databaseEnabled":false,"locationContextEnabled":false,"applicationCacheEnabled":false,"browserConnectionEnabled":false,"cssSelectorsEnabled":true,"webStorageEnabled":false,"rotatable":false,"acceptSslCerts":false,"nativeEvents":true,"proxy":{"proxyType":"direct"}}
[INFO  - 2014-05-28T16:18:31.700Z] SessionManagerReqHand - _postNewSessionCommand - New Session Created: b5d49900-e683-11e3-9875-d3c5cde672e4
[INFO  - 2014-05-28T16:18:32.329Z] GhostDriver - Main - running on port 61249
[INFO  - 2014-05-28T16:18:32.344Z] Session [b6370450-e683-11e3-b8bf-d33f873a95a4] - page.settings - {"XSSAuditingEnabled":false,"javascriptCanCloseWindows":true,"javascriptCanOpenWindows":true,"javascriptEnabled":true,"loadImages":true,"localToRemoteUrlAccessEnabled":false,"userAgent":"Mozilla/5.0 (Macintosh; PPC Mac OS X) AppleWebKit/534.34 (KHTML, like Gecko) PhantomJS/1.9.7 Safari/534.34","webSecurityEnabled":true}
[INFO  - 2014-05-28T16:18:32.344Z] Session [b6370450-e683-11e3-b8bf-d33f873a95a4] - page.customHeaders:  - {}
[INFO  - 2014-05-28T16:18:32.344Z] Session [b6370450-e683-11e3-b8bf-d33f873a95a4] - Session.negotiatedCapabilities - {"browserName":"phantomjs","version":"1.9.7","driverName":"ghostdriver","driverVersion":"1.1.0","platform":"mac-10.8 (Mountain Lion)-64bit","javascriptEnabled":true,"takesScreenshot":true,"handlesAlerts":false,"databaseEnabled":false,"locationContextEnabled":false,"applicationCacheEnabled":false,"browserConnectionEnabled":false,"cssSelectorsEnabled":true,"webStorageEnabled":false,"rotatable":false,"acceptSslCerts":false,"nativeEvents":true,"proxy":{"proxyType":"direct"}}
[INFO  - 2014-05-28T16:18:32.344Z] SessionManagerReqHand - _postNewSessionCommand - New Session Created: b6370450-e683-11e3-b8bf-d33f873a95a4
[INFO  - 2014-05-28T16:18:40.843Z] GhostDriver - Main - running on port 57811
[INFO  - 2014-05-28T16:18:40.860Z] Session [bb4a7490-e683-11e3-994e-0ddee3396bbf] - page.settings - {"XSSAuditingEnabled":false,"javascriptCanCloseWindows":true,"javascriptCanOpenWindows":true,"javascriptEnabled":true,"loadImages":true,"localToRemoteUrlAccessEnabled":false,"userAgent":"Mozilla/5.0 (Macintosh; PPC Mac OS X) AppleWebKit/534.34 (KHTML, like Gecko) PhantomJS/1.9.7 Safari/534.34","webSecurityEnabled":true}
[INFO  - 2014-05-28T16:18:40.860Z] Session [bb4a7490-e683-11e3-994e-0ddee3396bbf] - page.customHeaders:  - {}
[INFO  - 2014-05-28T16:18:40.860Z] Session [bb4a7490-e683-11e3-994e-0ddee3396bbf] - Session.negotiatedCapabilities - {"browserName":"phantomjs","version":"1.9.7","driverName":"ghostdriver","driverVersion":"1.1.0","platform":"mac-10.8 (Mountain Lion)-64bit","javascriptEnabled":true,"takesScreenshot":true,"handlesAlerts":false,"databaseEnabled":false,"locationContextEnabled":false,"applicationCacheEnabled":false,"browserConnectionEnabled":false,"cssSelectorsEnabled":true,"webStorageEnabled":false,"rotatable":false,"acceptSslCerts":false,"nativeEvents":true,"proxy":{"proxyType":"direct"}}
[INFO  - 2014-05-28T16:18:40.860Z] SessionManagerReqHand - _postNewSessionCommand - New Session Created: bb4a7490-e683-11e3-994e-0ddee3396bbf
[INFO  - 2014-05-28T16:18:41.496Z] GhostDriver - Main - running on port 55056
[INFO  - 2014-05-28T16:18:41.555Z] Session [bbb48100-e683-11e3-bd76-298810ac51b7] - page.settings - {"XSSAuditingEnabled":false,"javascriptCanCloseWindows":true,"javascriptCanOpenWindows":true,"javascriptEnabled":true,"loadImages":true,"localToRemoteUrlAccessEnabled":false,"userAgent":"Mozilla/5.0 (Macintosh; PPC Mac OS X) AppleWebKit/534.34 (KHTML, like Gecko) PhantomJS/1.9.7 Safari/534.34","webSecurityEnabled":true}
[INFO  - 2014-05-28T16:18:41.555Z] Session [bbb48100-e683-11e3-bd76-298810ac51b7] - page.customHeaders:  - {}
[INFO  - 2014-05-28T16:18:41.555Z] Session [bbb48100-e683-11e3-bd76-298810ac51b7] - Session.negotiatedCapabilities - {"browserName":"phantomjs","version":"1.9.7","driverName":"ghostdriver","driverVersion":"1.1.0","platform":"mac-10.8 (Mountain Lion)-64bit","javascriptEnabled":true,"takesScreenshot":true,"handlesAlerts":false,"databaseEnabled":false,"locationContextEnabled":false,"applicationCacheEnabled":false,"browserConnectionEnabled":false,"cssSelectorsEnabled":true,"webStorageEnabled":false,"rotatable":false,"acceptSslCerts":false,"nativeEvents":true,"proxy":{"proxyType":"direct"}}
[INFO  - 2014-05-28T16:18:41.555Z] SessionManagerReqHand - _postNewSessionCommand - New Session Created: bbb48100-e683-11e3-bd76-298810ac51b7
